<?xml version="1.0" encoding="UTF-8"?>
<testng-results ignored="1" total="3" passed="2" failed="0" skipped="0">
  <reporter-output>
  </reporter-output>
  <suite started-at="2023-09-20T19:19:57 IST" name="Default suite" finished-at="2023-09-20T19:20:15 IST" duration-ms="17815">
    <groups>
    </groups>
    <test started-at="2023-09-20T19:19:57 IST" name="Default test" finished-at="2023-09-20T19:20:15 IST" duration-ms="17815">
      <class name="com.AdminDashboard.AddEmployees">
        <test-method is-config="true" signature="Setup()[pri:0, instance:com.AdminDashboard.AddEmployees@15ff3e9e]" started-at="2023-09-20T19:19:57 IST" name="Setup" finished-at="2023-09-20T19:20:03 IST" duration-ms="5578" status="PASS">
          <reporter-output>
          </reporter-output>
        </test-method> <!-- Setup -->
        <test-method signature="Login()[pri:0, instance:com.AdminDashboard.AddEmployees@15ff3e9e]" started-at="2023-09-20T19:20:03 IST" name="Login" finished-at="2023-09-20T19:20:08 IST" duration-ms="4834" status="PASS">
          <reporter-output>
          </reporter-output>
        </test-method> <!-- Login -->
        <test-method signature="AddEmployee()[pri:2, instance:com.AdminDashboard.AddEmployees@15ff3e9e]" started-at="2023-09-20T19:20:08 IST" name="AddEmployee" finished-at="2023-09-20T19:20:15 IST" duration-ms="7374" status="PASS">
          <reporter-output>
          </reporter-output>
        </test-method> <!-- AddEmployee -->
      </class> <!-- com.AdminDashboard.AddEmployees -->
    </test> <!-- Default test -->
  </suite> <!-- Default suite -->
</testng-results>
