<?xml version="1.0" encoding="UTF-8"?>
<!-- Generated by org.testng.reporters.JUnitXMLReporter -->
<testsuite ignored="1" hostname="DESKTOP-QTVLTBC" failures="0" tests="2" name="Default test" time="17.815" errors="0" timestamp="2023-09-20T19:20:15 IST">
  <testcase classname="com.LoginPage.OrangeHRMLoginPage" name="Login" time="4.834"/>
  <testcase classname="com.AdminDashboard.AddEmployees" name="AddEmployee" time="7.374"/>
  <testcase classname="com.LoginPage.OrangeHRMLoginPage" name="LogOut" time="0.0">
    <ignored/>
  </testcase> <!-- LogOut -->
</testsuite> <!-- Default test -->
